2018-06-11 09:18:30,809 - INFO : 创建主机成功,a
2018-06-11 09:18:45,245 - INFO : 删除主机成功,a
2018-06-11 09:20:01,767 - INFO : 创建主机成功,a
2018-06-11 09:20:19,461 - INFO : 删除主机成功,a
2018-06-11 09:21:17,599 - INFO : 创建主机成功,x
2018-06-11 09:21:22,080 - INFO : 删除主机成功,x
2018-06-11 09:22:28,101 - INFO : 创建主机成功,x
2018-06-11 09:22:32,947 - INFO : 删除主机成功,x
2018-06-11 09:29:51,567 - INFO : 创建主机成功,x
2018-06-11 09:35:48,764 - INFO : 修改主机成功,x
2018-06-11 09:35:52,931 - INFO : 删除主机成功,x
2018-06-11 09:51:16,095 - INFO : 创建模板成功,test
2018-06-11 09:51:20,387 - INFO : 删除模板成功,test
2018-06-11 09:51:27,545 - INFO : 创建模板成功,test
2018-06-11 09:53:46,344 - INFO : 修改模板成功,test1
2018-06-11 09:53:49,939 - INFO : 删除模板成功,test1
2018-06-11 10:06:11,535 - INFO : 创建应用集成功,test
2018-06-11 10:06:16,714 - INFO : 删除应用集成功,test
2018-06-11 10:06:25,744 - INFO : 创建应用集成功,test
2018-06-11 10:09:11,747 - INFO : 修改应用集成功,test1
2018-06-11 10:09:15,243 - INFO : 删除应用集成功,test1
2018-06-11 10:21:24,282 - INFO : 创建监控项成功,test
2018-06-11 10:28:52,078 - INFO : 修改监控项成功,test
2018-06-11 10:28:58,785 - INFO : 删除监控项成功,test
2018-06-11 10:46:25,193 - INFO : 创建触发器成功,test
2018-06-11 11:04:16,305 - INFO : 删除触发器成功,test
2018-06-11 11:04:51,459 - INFO : 创建触发器成功,test
2018-06-11 11:11:46,688 - INFO : 删除触发器成功,test
2018-06-11 11:12:49,359 - INFO : 创建触发器成功,test
2018-06-11 11:13:40,786 - INFO : 删除触发器成功,test
2018-06-11 11:13:58,417 - INFO : 创建触发器成功,test
2018-06-11 11:15:11,028 - INFO : 删除触发器成功,test
2018-06-11 11:16:46,955 - INFO : 创建触发器成功,test
2018-06-11 11:21:05,067 - INFO : 编辑触发器成功,test
2018-06-11 11:21:10,324 - INFO : 删除触发器成功,test1
2018-06-11 14:59:17,292 - INFO : 创建触发器成功,test
2018-06-11 14:59:22,198 - INFO : 删除触发器成功,test
2018-06-11 14:59:48,532 - INFO : 创建触发器成功,test
2018-06-11 15:03:41,167 - INFO : 删除触发器成功,test
2018-06-11 15:08:06,093 - INFO : 创建报警策略成功,test
2018-06-11 15:08:40,483 - INFO : 创建报警策略成功,test1
2018-06-11 15:15:50,143 - INFO : 创建触发器成功,test
2018-06-11 15:16:36,728 - INFO : 创建触发器成功,test1
2018-06-11 15:17:39,422 - INFO : 删除触发器成功,test
2018-06-11 15:17:39,432 - INFO : 删除触发器成功,test1
2018-06-11 15:17:46,892 - INFO : 创建触发器成功,test1
2018-06-11 15:18:06,405 - INFO : 删除触发器成功,test1
2018-06-11 15:18:16,906 - INFO : 创建触发器成功,test1
2018-06-11 15:18:32,215 - INFO : 创建触发器成功,test2
2018-06-11 15:19:44,709 - INFO : 删除触发器成功,test1
2018-06-11 15:19:44,718 - INFO : 删除触发器成功,test2
2018-06-11 15:23:38,019 - INFO : 创建触发器成功,test1
2018-06-11 15:24:03,190 - INFO : 创建触发器成功,test2
2018-06-11 15:24:16,076 - INFO : 删除触发器成功,test1
2018-06-11 15:24:16,087 - INFO : 删除触发器成功,test2
2018-06-11 15:28:25,427 - INFO : 创建报警策略成功,test111
2018-06-11 16:26:19,034 - INFO : 创建触发器成功,test
2018-06-11 16:26:44,034 - INFO : 删除触发器成功,test
2018-06-11 16:36:28,726 - INFO : 创建触发器成功,test
2018-06-11 16:36:51,507 - INFO : 创建触发器成功,test1
2018-06-11 16:37:01,134 - INFO : 创建触发器成功,test2
2018-06-11 16:37:10,529 - INFO : 删除触发器成功,test
2018-06-11 16:37:10,539 - INFO : 删除触发器成功,test1
2018-06-11 16:37:10,552 - INFO : 删除触发器成功,test2
2018-06-11 16:58:16,219 - INFO : 删除报警策略成功,test
2018-06-11 16:58:16,245 - INFO : 删除报警策略成功,test1
2018-06-11 16:58:16,253 - INFO : 删除报警策略成功,test111
2018-06-11 16:58:33,102 - INFO : 创建报警策略成功,test
2018-06-11 16:58:45,332 - INFO : 创建报警策略成功,test222
2018-06-11 16:58:50,380 - INFO : 删除报警策略成功,test
2018-06-11 16:58:50,389 - INFO : 删除报警策略成功,test222
2018-06-11 17:06:16,723 - INFO : 创建报警策略成功,test
2018-06-11 17:17:56,969 - INFO : 创建触发器成功,test
2018-06-11 17:18:02,225 - INFO : 编辑触发器成功,test
2018-06-11 17:19:43,436 - INFO : 编辑触发器成功,test
2018-06-11 17:19:48,312 - INFO : 编辑触发器成功,test
2018-06-11 17:21:01,879 - INFO : 编辑触发器成功,test
2018-06-11 17:21:53,283 - INFO : 编辑触发器成功,test
2018-06-11 17:22:06,720 - INFO : 编辑触发器成功,test
2018-06-11 17:24:40,566 - INFO : 编辑触发器成功,test
2018-06-11 17:25:00,667 - INFO : 编辑触发器成功,test
2018-06-11 17:26:37,555 - INFO : 编辑触发器成功,test
2018-06-11 17:26:47,603 - INFO : 编辑触发器成功,test
2018-06-11 17:28:30,002 - INFO : 编辑触发器成功,test
2018-06-11 17:28:34,482 - INFO : 编辑触发器成功,test
2018-06-11 17:28:40,115 - INFO : 删除触发器成功,test
2018-06-11 17:28:49,345 - INFO : 创建触发器成功,test
2018-06-11 17:28:54,784 - INFO : 编辑触发器成功,test
2018-06-11 17:29:00,516 - INFO : 删除触发器成功,test
2018-06-11 17:32:27,623 - INFO : 删除报警策略成功,test
2018-06-11 17:32:49,674 - INFO : 创建报警策略成功,test1
2018-06-11 17:33:06,036 - INFO : 创建报警策略成功,test2
2018-06-11 17:33:17,892 - INFO : 修改报警策略成功,test1
2018-06-11 17:33:26,626 - INFO : 修改报警策略成功,test2
2018-06-11 17:33:30,606 - INFO : 删除报警策略成功,test1
2018-06-11 17:33:30,618 - INFO : 删除报警策略成功,test2
